INFO - 2022-03-22 16:39:37,040 - basepage.py[line:46] : @type="text"元素可见，输入
INFO - 2022-03-22 16:39:37,196 - basepage.py[line:46] : @type="password"元素可见，输入
INFO - 2022-03-22 16:39:37,343 - basepage.py[line:66] : @type="button"元素可见，点击
INFO - 2022-03-22 16:39:38,720 - basepage.py[line:88] : @class="ant-message-notice-content"元素可见，获取文本:用户名或密码不正确,请重新登录
ERROR - 2022-03-22 16:39:39,050 - test_login.py[line:25] : 11111
INFO - 2022-03-22 16:40:03,548 - basepage.py[line:46] : @type="text"元素可见，输入
INFO - 2022-03-22 16:40:03,700 - basepage.py[line:46] : @type="password"元素可见，输入
INFO - 2022-03-22 16:40:03,898 - basepage.py[line:66] : @type="button"元素可见，点击
INFO - 2022-03-22 16:40:05,246 - basepage.py[line:88] : @class="ant-message-notice-content"元素可见，获取文本:用户名或密码不正确,请重新登录
ERROR - 2022-03-22 16:40:05,614 - test_login.py[line:25] : 11111
INFO - 2022-03-22 16:41:29,631 - basepage.py[line:46] : @type="text"元素可见，输入
INFO - 2022-03-22 16:41:29,758 - basepage.py[line:46] : @type="password"元素可见，输入
INFO - 2022-03-22 16:41:29,917 - basepage.py[line:66] : @type="button"元素可见，点击
INFO - 2022-03-22 16:41:31,257 - basepage.py[line:88] : @class="ant-message-notice-content"元素可见，获取文本:用户名或密码不正确,请重新登录
ERROR - 2022-03-22 16:41:31,543 - test_login.py[line:25] : 11111
INFO - 2022-03-22 16:41:43,167 - basepage.py[line:46] : @type="text"元素可见，输入
INFO - 2022-03-22 16:41:43,307 - basepage.py[line:46] : @type="password"元素可见，输入
INFO - 2022-03-22 16:41:43,452 - basepage.py[line:66] : @type="button"元素可见，点击
INFO - 2022-03-22 16:41:44,821 - basepage.py[line:88] : @class="ant-message-notice-content"元素可见，获取文本:用户名或密码不正确,请重新登录
INFO - 2022-03-22 16:43:03,109 - basepage.py[line:46] : @type="text"元素可见，输入
INFO - 2022-03-22 16:43:03,244 - basepage.py[line:46] : @type="password"元素可见，输入
INFO - 2022-03-22 16:43:03,428 - basepage.py[line:66] : @type="button"元素可见，点击
INFO - 2022-03-22 16:43:04,764 - basepage.py[line:88] : @class="ant-message-notice-content"元素可见，获取文本:用户名或密码不正确,请重新登录
ERROR - 2022-03-22 16:43:05,110 - test_login.py[line:25] : 11111
INFO - 2022-03-22 17:34:34,463 - basepage.py[line:46] : @type="text"元素可见，输入
INFO - 2022-03-22 17:34:34,605 - basepage.py[line:46] : @type="password"元素可见，输入
INFO - 2022-03-22 17:34:34,768 - basepage.py[line:66] : @type="button"元素可见，点击
INFO - 2022-03-22 17:34:36,237 - basepage.py[line:88] : @class="ant-message-notice-content"元素可见，获取文本:用户名或密码不正确,请重新登录
ERROR - 2022-03-22 17:34:36,477 - test_login.py[line:25] : 11111
INFO - 2022-03-22 17:34:45,672 - basepage.py[line:46] : @type="text"元素可见，输入
INFO - 2022-03-22 17:34:45,845 - basepage.py[line:46] : @type="password"元素可见，输入
INFO - 2022-03-22 17:34:45,992 - basepage.py[line:66] : @type="button"元素可见，点击
INFO - 2022-03-22 17:34:47,535 - basepage.py[line:88] : @class="ant-message-notice-content"元素可见，获取文本:用户名或密码不正确,请重新登录
INFO - 2022-03-22 17:35:35,824 - basepage.py[line:66] : @type="button"元素可见，点击
INFO - 2022-03-22 17:35:36,944 - basepage.py[line:88] : @class="title"元素可见，获取文本:f(x)集群平台系统
INFO - 2022-03-22 17:36:06,289 - basepage.py[line:66] : @type="button"元素可见，点击
INFO - 2022-03-22 17:36:07,399 - basepage.py[line:88] : @type="button"元素可见，获取文本:登 录
INFO - 2022-03-22 17:36:38,271 - basepage.py[line:66] : @type="button"元素可见，点击
INFO - 2022-03-22 17:36:39,521 - basepage.py[line:88] : @class="login-form ant-form ant-form-horizontal"元素可见，获取文本:用户名不能为空！
INFO - 2022-03-22 17:36:48,939 - basepage.py[line:66] : @type="button"元素可见，点击
INFO - 2022-03-22 17:36:50,178 - basepage.py[line:88] : @class="login-form ant-form ant-form-horizontal"元素可见，获取文本:密码不能为空！
INFO - 2022-03-22 17:43:39,135 - basepage.py[line:46] : @type="text"元素可见，输入
INFO - 2022-03-22 17:43:39,269 - basepage.py[line:46] : @type="password"元素可见，输入
INFO - 2022-03-22 17:43:39,428 - basepage.py[line:66] : @type="button"元素可见，点击
INFO - 2022-03-22 17:43:40,786 - basepage.py[line:88] : @class="ant-message-notice-content"元素可见，获取文本:用户名或密码不正确,请重新登录
ERROR - 2022-03-22 17:43:41,023 - test_login.py[line:25] : 11111
INFO - 2022-03-22 17:43:51,159 - basepage.py[line:46] : @type="text"元素可见，输入
INFO - 2022-03-22 17:43:51,335 - basepage.py[line:46] : @type="password"元素可见，输入
INFO - 2022-03-22 17:43:51,477 - basepage.py[line:66] : @type="button"元素可见，点击
INFO - 2022-03-22 17:43:52,929 - basepage.py[line:88] : @class="ant-message-notice-content"元素可见，获取文本:用户名或密码不正确,请重新登录
INFO - 2022-03-22 17:44:03,298 - basepage.py[line:66] : @class="svg-icon lang-svg"元素可见，点击
ERROR - 2022-03-22 17:44:05,349 - login.py[line:80] : english
INFO - 2022-03-22 17:44:05,377 - basepage.py[line:66] : text()="English"元素可见，点击
INFO - 2022-03-22 17:44:11,225 - basepage.py[line:46] : @type="text"元素可见，输入
INFO - 2022-03-22 17:44:11,401 - basepage.py[line:46] : @type="password"元素可见，输入
INFO - 2022-03-22 17:44:11,547 - basepage.py[line:66] : @type="button"元素可见，点击
INFO - 2022-03-22 17:44:12,862 - basepage.py[line:88] : @class="ant-message-notice-content"元素可见，获取文本:If your username or password is incorrect, sign in again.
INFO - 2022-03-22 17:44:22,231 - basepage.py[line:66] : @class="svg-icon lang-svg"元素可见，点击
ERROR - 2022-03-22 17:44:24,284 - login.py[line:80] : english
INFO - 2022-03-22 17:44:24,312 - basepage.py[line:66] : text()="English"元素可见，点击
INFO - 2022-03-22 17:44:30,180 - basepage.py[line:46] : @type="text"元素可见，输入
INFO - 2022-03-22 17:44:30,362 - basepage.py[line:46] : @type="password"元素可见，输入
INFO - 2022-03-22 17:44:30,507 - basepage.py[line:66] : @type="button"元素可见，点击
INFO - 2022-03-22 17:44:31,835 - basepage.py[line:88] : @class="ant-message-notice-content"元素可见，获取文本:If your username or password is incorrect, sign in again.
INFO - 2022-03-22 17:44:41,787 - basepage.py[line:66] : @class="svg-icon lang-svg"元素可见，点击
ERROR - 2022-03-22 17:44:43,841 - login.py[line:80] : japanese
INFO - 2022-03-22 17:44:43,868 - basepage.py[line:66] : text()="日本語"元素可见，点击
INFO - 2022-03-22 17:44:49,745 - basepage.py[line:46] : @type="text"元素可见，输入
INFO - 2022-03-22 17:44:49,936 - basepage.py[line:46] : @type="password"元素可见，输入
INFO - 2022-03-22 17:44:50,080 - basepage.py[line:66] : @type="button"元素可见，点击
INFO - 2022-03-22 17:44:51,516 - basepage.py[line:88] : @class="ant-message-notice-content"元素可见，获取文本:用户名或密码不正确,请重新登录
INFO - 2022-03-22 17:45:01,271 - basepage.py[line:66] : @class="svg-icon lang-svg"元素可见，点击
ERROR - 2022-03-22 17:45:03,322 - login.py[line:80] : japanese
INFO - 2022-03-22 17:45:03,348 - basepage.py[line:66] : text()="日本語"元素可见，点击
INFO - 2022-03-22 17:45:09,313 - basepage.py[line:46] : @type="text"元素可见，输入
INFO - 2022-03-22 17:45:09,491 - basepage.py[line:46] : @type="password"元素可见，输入
INFO - 2022-03-22 17:45:09,630 - basepage.py[line:66] : @type="button"元素可见，点击
INFO - 2022-03-22 17:45:10,947 - basepage.py[line:88] : @class="ant-message-notice-content"元素可见，获取文本:用户名或密码不正确,请重新登录
INFO - 2022-03-22 17:45:20,189 - basepage.py[line:66] : @type="button"元素可见，点击
INFO - 2022-03-22 17:45:21,310 - basepage.py[line:88] : @class="title"元素可见，获取文本:f(x)集群平台系统
INFO - 2022-03-22 17:45:31,237 - basepage.py[line:66] : @class="svg-icon lang-svg"元素可见，点击
ERROR - 2022-03-22 17:45:33,289 - login.py[line:80] : english
INFO - 2022-03-22 17:45:33,317 - basepage.py[line:66] : text()="English"元素可见，点击
INFO - 2022-03-22 17:45:39,145 - basepage.py[line:66] : @type="button"元素可见，点击
INFO - 2022-03-22 17:45:40,272 - basepage.py[line:88] : @class="title"元素可见，获取文本:f(x) Cluster Platform
INFO - 2022-03-22 17:45:49,248 - basepage.py[line:66] : @class="svg-icon lang-svg"元素可见，点击
ERROR - 2022-03-22 17:45:51,297 - login.py[line:80] : japanese
INFO - 2022-03-22 17:45:51,325 - basepage.py[line:66] : text()="日本語"元素可见，点击
INFO - 2022-03-22 17:45:57,372 - basepage.py[line:66] : @type="button"元素可见，点击
INFO - 2022-03-22 17:45:58,487 - basepage.py[line:88] : @class="title"元素可见，获取文本:f（x）フリートマネージャー
INFO - 2022-03-22 17:46:08,830 - basepage.py[line:66] : @type="button"元素可见，点击
INFO - 2022-03-22 17:46:09,952 - basepage.py[line:88] : @type="button"元素可见，获取文本:登 录
INFO - 2022-03-22 17:46:19,557 - basepage.py[line:66] : @class="svg-icon lang-svg"元素可见，点击
ERROR - 2022-03-22 17:46:21,604 - login.py[line:80] : english
INFO - 2022-03-22 17:46:21,632 - basepage.py[line:66] : text()="English"元素可见，点击
INFO - 2022-03-22 17:46:27,502 - basepage.py[line:66] : @type="button"元素可见，点击
INFO - 2022-03-22 17:46:28,610 - basepage.py[line:88] : @type="button"元素可见，获取文本:Log in
INFO - 2022-03-22 17:46:37,403 - basepage.py[line:66] : @class="svg-icon lang-svg"元素可见，点击
ERROR - 2022-03-22 17:46:39,455 - login.py[line:80] : japanese
INFO - 2022-03-22 17:46:39,483 - basepage.py[line:66] : text()="日本語"元素可见，点击
INFO - 2022-03-22 17:46:45,300 - basepage.py[line:66] : @type="button"元素可见，点击
INFO - 2022-03-22 17:46:46,416 - basepage.py[line:88] : @type="button"元素可见，获取文本:ログイン
INFO - 2022-03-22 17:46:55,161 - basepage.py[line:66] : @type="button"元素可见，点击
INFO - 2022-03-22 17:46:56,396 - basepage.py[line:88] : @class="login-form ant-form ant-form-horizontal"元素可见，获取文本:用户名不能为空！
INFO - 2022-03-22 17:47:06,112 - basepage.py[line:66] : @type="button"元素可见，点击
INFO - 2022-03-22 17:47:07,369 - basepage.py[line:88] : @class="login-form ant-form ant-form-horizontal"元素可见，获取文本:密码不能为空！
INFO - 2022-03-22 17:47:17,630 - basepage.py[line:66] : @class="svg-icon lang-svg"元素可见，点击
ERROR - 2022-03-22 17:47:19,686 - login.py[line:80] : english
INFO - 2022-03-22 17:47:19,715 - basepage.py[line:66] : text()="English"元素可见，点击
INFO - 2022-03-22 17:47:25,866 - basepage.py[line:66] : @type="button"元素可见，点击
INFO - 2022-03-22 17:47:27,097 - basepage.py[line:88] : @class="login-form ant-form ant-form-horizontal"元素可见，获取文本:The username cant be blank!
INFO - 2022-03-22 17:47:36,691 - basepage.py[line:66] : @class="svg-icon lang-svg"元素可见，点击
ERROR - 2022-03-22 17:47:38,743 - login.py[line:80] : english
INFO - 2022-03-22 17:47:38,770 - basepage.py[line:66] : text()="English"元素可见，点击
INFO - 2022-03-22 17:47:44,605 - basepage.py[line:66] : @type="button"元素可见，点击
INFO - 2022-03-22 17:47:45,840 - basepage.py[line:88] : @class="login-form ant-form ant-form-horizontal"元素可见，获取文本:The password cant be blank!
INFO - 2022-03-22 17:47:55,318 - basepage.py[line:66] : @class="svg-icon lang-svg"元素可见，点击
ERROR - 2022-03-22 17:47:57,368 - login.py[line:80] : japanese
INFO - 2022-03-22 17:47:57,397 - basepage.py[line:66] : text()="日本語"元素可见，点击
INFO - 2022-03-22 17:48:03,345 - basepage.py[line:66] : @type="button"元素可见，点击
INFO - 2022-03-22 17:48:04,599 - basepage.py[line:88] : @class="login-form ant-form ant-form-horizontal"元素可见，获取文本:login.userNameValid
INFO - 2022-03-22 17:48:15,823 - basepage.py[line:66] : @class="svg-icon lang-svg"元素可见，点击
ERROR - 2022-03-22 17:48:17,895 - login.py[line:80] : japanese
INFO - 2022-03-22 17:48:17,932 - basepage.py[line:66] : text()="日本語"元素可见，点击
INFO - 2022-03-22 17:48:24,008 - basepage.py[line:66] : @type="button"元素可见，点击
INFO - 2022-03-22 17:48:25,250 - basepage.py[line:88] : @class="login-form ant-form ant-form-horizontal"元素可见，获取文本:login.pwdValid
INFO - 2022-03-22 17:52:12,285 - basepage.py[line:46] : @type="text"元素可见，输入
INFO - 2022-03-22 17:52:52,526 - basepage.py[line:46] : @type="password"元素可见，输入
INFO - 2022-03-22 17:55:38,867 - basepage.py[line:46] : @type="text"元素可见，输入
INFO - 2022-03-22 17:55:39,005 - basepage.py[line:46] : @type="password"元素可见，输入
INFO - 2022-03-22 17:55:39,158 - basepage.py[line:66] : @type="button"元素可见，点击
ERROR - 2022-03-22 17:55:42,780 - basepage.py[line:84] : Message: @class="ant-message-notice-content"元素不可见

INFO - 2022-03-22 17:55:58,600 - basepage.py[line:66] : @class="svg-icon lang-svg"元素可见，点击
INFO - 2022-03-22 17:56:18,475 - basepage.py[line:46] : @type="text"元素可见，输入
INFO - 2022-03-22 17:56:18,605 - basepage.py[line:46] : @type="password"元素可见，输入
INFO - 2022-03-22 17:56:18,736 - basepage.py[line:66] : @type="button"元素可见，点击
INFO - 2022-03-22 17:56:20,191 - basepage.py[line:88] : @class="ant-message-notice-content"元素可见，获取文本:用户名或密码不正确,请重新登录
INFO - 2022-03-22 17:57:08,899 - basepage.py[line:46] : @type="text"元素可见，输入int_amdin
INFO - 2022-03-22 17:57:09,083 - basepage.py[line:46] : @type="password"元素可见，输入000000
INFO - 2022-03-22 17:57:09,212 - basepage.py[line:66] : @type="button"元素可见，点击
INFO - 2022-03-22 17:57:10,673 - basepage.py[line:88] : @class="ant-message-notice-content"元素可见，获取文本:用户名或密码不正确,请重新登录
INFO - 2022-03-22 17:58:02,912 - basepage.py[line:46] : @type="text"元素可见，输入int_admin
INFO - 2022-03-22 17:58:03,057 - basepage.py[line:46] : @type="password"元素可见，输入000000
INFO - 2022-03-22 17:58:03,206 - basepage.py[line:66] : @type="button"元素可见，点击
INFO - 2022-03-22 17:58:05,739 - basepage.py[line:88] : @class="ant-message-notice-content"元素可见，获取文本:登录成功
INFO - 2022-03-22 17:59:42,068 - basepage.py[line:46] : @type="text"元素可见，输入int_admin
INFO - 2022-03-22 17:59:42,230 - basepage.py[line:46] : @type="password"元素可见，输入000000
INFO - 2022-03-22 17:59:42,351 - basepage.py[line:66] : @type="button"元素可见，点击
INFO - 2022-03-22 17:59:43,815 - basepage.py[line:88] : @class="ant-message-notice-content"元素可见，获取文本:登录成功
INFO - 2022-03-22 17:59:53,240 - basepage.py[line:46] : @type="text"元素可见，输入int_amdin1
INFO - 2022-03-22 17:59:53,403 - basepage.py[line:46] : @type="password"元素可见，输入000000
INFO - 2022-03-22 17:59:53,503 - basepage.py[line:66] : @type="button"元素可见，点击
INFO - 2022-03-22 17:59:54,847 - basepage.py[line:88] : @class="ant-message-notice-content"元素可见，获取文本:用户名或密码不正确,请重新登录
INFO - 2022-03-22 18:00:04,990 - basepage.py[line:66] : @class="svg-icon lang-svg"元素可见，点击
ERROR - 2022-03-22 18:00:07,043 - login.py[line:80] : english
INFO - 2022-03-22 18:00:07,072 - basepage.py[line:66] : text()="English"元素可见，点击
INFO - 2022-03-22 18:00:13,206 - basepage.py[line:46] : @type="text"元素可见，输入int_admin
INFO - 2022-03-22 18:00:13,319 - basepage.py[line:46] : @type="password"元素可见，输入000000
INFO - 2022-03-22 18:00:13,420 - basepage.py[line:66] : @type="button"元素可见，点击
INFO - 2022-03-22 18:00:14,871 - basepage.py[line:88] : @class="ant-message-notice-content"元素可见，获取文本:The login was successful.
INFO - 2022-03-22 18:00:25,943 - basepage.py[line:66] : @class="svg-icon lang-svg"元素可见，点击
ERROR - 2022-03-22 18:00:27,990 - login.py[line:80] : english
INFO - 2022-03-22 18:00:28,018 - basepage.py[line:66] : text()="English"元素可见，点击
INFO - 2022-03-22 18:00:33,927 - basepage.py[line:46] : @type="text"元素可见，输入int_amdin1
INFO - 2022-03-22 18:00:34,100 - basepage.py[line:46] : @type="password"元素可见，输入000000
INFO - 2022-03-22 18:00:34,207 - basepage.py[line:66] : @type="button"元素可见，点击
INFO - 2022-03-22 18:00:35,641 - basepage.py[line:88] : @class="ant-message-notice-content"元素可见，获取文本:If your username or password is incorrect, sign in again.
INFO - 2022-03-22 18:00:45,494 - basepage.py[line:66] : @class="svg-icon lang-svg"元素可见，点击
ERROR - 2022-03-22 18:00:47,545 - login.py[line:80] : japanese
INFO - 2022-03-22 18:00:47,573 - basepage.py[line:66] : text()="日本語"元素可见，点击
INFO - 2022-03-22 18:00:53,553 - basepage.py[line:46] : @type="text"元素可见，输入int_admin
INFO - 2022-03-22 18:00:53,714 - basepage.py[line:46] : @type="password"元素可见，输入000000
INFO - 2022-03-22 18:00:53,816 - basepage.py[line:66] : @type="button"元素可见，点击
INFO - 2022-03-22 18:00:55,675 - basepage.py[line:88] : @class="ant-message-notice-content"元素可见，获取文本:ログイン成功
INFO - 2022-03-22 18:01:04,932 - basepage.py[line:66] : @class="svg-icon lang-svg"元素可见，点击
ERROR - 2022-03-22 18:01:06,984 - login.py[line:80] : japanese
INFO - 2022-03-22 18:01:07,013 - basepage.py[line:66] : text()="日本語"元素可见，点击
INFO - 2022-03-22 18:01:12,846 - basepage.py[line:46] : @type="text"元素可见，输入int_amdin1
INFO - 2022-03-22 18:01:12,970 - basepage.py[line:46] : @type="password"元素可见，输入000000
INFO - 2022-03-22 18:01:13,067 - basepage.py[line:66] : @type="button"元素可见，点击
INFO - 2022-03-22 18:01:14,746 - basepage.py[line:88] : @class="ant-message-notice-content"元素可见，获取文本:用户名或密码不正确,请重新登录
INFO - 2022-03-22 18:01:24,726 - basepage.py[line:66] : @type="button"元素可见，点击
INFO - 2022-03-22 18:01:25,845 - basepage.py[line:88] : @class="title"元素可见，获取文本:f(x)集群平台系统
INFO - 2022-03-22 18:01:36,761 - basepage.py[line:66] : @class="svg-icon lang-svg"元素可见，点击
ERROR - 2022-03-22 18:01:38,812 - login.py[line:80] : english
INFO - 2022-03-22 18:01:38,843 - basepage.py[line:66] : text()="English"元素可见，点击
INFO - 2022-03-22 18:01:44,661 - basepage.py[line:66] : @type="button"元素可见，点击
INFO - 2022-03-22 18:01:45,782 - basepage.py[line:88] : @class="title"元素可见，获取文本:f(x) Cluster Platform
INFO - 2022-03-22 18:01:54,779 - basepage.py[line:66] : @class="svg-icon lang-svg"元素可见，点击
ERROR - 2022-03-22 18:01:56,831 - login.py[line:80] : japanese
INFO - 2022-03-22 18:01:56,861 - basepage.py[line:66] : text()="日本語"元素可见，点击
INFO - 2022-03-22 18:02:02,771 - basepage.py[line:66] : @type="button"元素可见，点击
INFO - 2022-03-22 18:02:03,892 - basepage.py[line:88] : @class="title"元素可见，获取文本:f（x）フリートマネージャー
INFO - 2022-03-22 18:02:13,425 - basepage.py[line:66] : @type="button"元素可见，点击
INFO - 2022-03-22 18:02:14,537 - basepage.py[line:88] : @type="button"元素可见，获取文本:登 录
INFO - 2022-03-22 18:02:23,926 - basepage.py[line:66] : @class="svg-icon lang-svg"元素可见，点击
ERROR - 2022-03-22 18:02:25,976 - login.py[line:80] : english
INFO - 2022-03-22 18:02:26,004 - basepage.py[line:66] : text()="English"元素可见，点击
INFO - 2022-03-22 18:02:31,795 - basepage.py[line:66] : @type="button"元素可见，点击
INFO - 2022-03-22 18:02:32,908 - basepage.py[line:88] : @type="button"元素可见，获取文本:Log in
INFO - 2022-03-22 18:02:42,955 - basepage.py[line:66] : @class="svg-icon lang-svg"元素可见，点击
ERROR - 2022-03-22 18:02:45,005 - login.py[line:80] : japanese
INFO - 2022-03-22 18:02:45,034 - basepage.py[line:66] : text()="日本語"元素可见，点击
INFO - 2022-03-22 18:02:50,905 - basepage.py[line:66] : @type="button"元素可见，点击
INFO - 2022-03-22 18:02:52,014 - basepage.py[line:88] : @type="button"元素可见，获取文本:ログイン
INFO - 2022-03-22 18:03:00,912 - basepage.py[line:66] : @type="button"元素可见，点击
INFO - 2022-03-22 18:03:02,144 - basepage.py[line:88] : @class="login-form ant-form ant-form-horizontal"元素可见，获取文本:用户名不能为空！
INFO - 2022-03-22 18:03:12,473 - basepage.py[line:66] : @type="button"元素可见，点击
INFO - 2022-03-22 18:03:13,705 - basepage.py[line:88] : @class="login-form ant-form ant-form-horizontal"元素可见，获取文本:密码不能为空！
INFO - 2022-03-22 18:03:23,871 - basepage.py[line:66] : @class="svg-icon lang-svg"元素可见，点击
ERROR - 2022-03-22 18:03:25,922 - login.py[line:80] : english
INFO - 2022-03-22 18:03:25,950 - basepage.py[line:66] : text()="English"元素可见，点击
INFO - 2022-03-22 18:03:31,851 - basepage.py[line:66] : @type="button"元素可见，点击
INFO - 2022-03-22 18:03:33,080 - basepage.py[line:88] : @class="login-form ant-form ant-form-horizontal"元素可见，获取文本:The username cant be blank!
INFO - 2022-03-22 18:03:44,090 - basepage.py[line:66] : @class="svg-icon lang-svg"元素可见，点击
ERROR - 2022-03-22 18:03:46,141 - login.py[line:80] : english
INFO - 2022-03-22 18:03:46,167 - basepage.py[line:66] : text()="English"元素可见，点击
INFO - 2022-03-22 18:03:51,974 - basepage.py[line:66] : @type="button"元素可见，点击
INFO - 2022-03-22 18:03:53,203 - basepage.py[line:88] : @class="login-form ant-form ant-form-horizontal"元素可见，获取文本:The password cant be blank!
INFO - 2022-03-22 18:04:02,283 - basepage.py[line:66] : @class="svg-icon lang-svg"元素可见，点击
ERROR - 2022-03-22 18:04:04,337 - login.py[line:80] : japanese
INFO - 2022-03-22 18:04:04,364 - basepage.py[line:66] : text()="日本語"元素可见，点击
INFO - 2022-03-22 18:04:10,172 - basepage.py[line:66] : @type="button"元素可见，点击
INFO - 2022-03-22 18:04:11,412 - basepage.py[line:88] : @class="login-form ant-form ant-form-horizontal"元素可见，获取文本:login.userNameValid
INFO - 2022-03-22 18:04:20,655 - basepage.py[line:66] : @class="svg-icon lang-svg"元素可见，点击
ERROR - 2022-03-22 18:04:22,705 - login.py[line:80] : japanese
INFO - 2022-03-22 18:04:22,733 - basepage.py[line:66] : text()="日本語"元素可见，点击
INFO - 2022-03-22 18:04:28,697 - basepage.py[line:66] : @type="button"元素可见，点击
INFO - 2022-03-22 18:04:29,933 - basepage.py[line:88] : @class="login-form ant-form ant-form-horizontal"元素可见，获取文本:login.pwdValid
INFO - 2022-03-22 18:12:45,946 - basepage.py[line:46] : @type="text"元素可见，输入int_admin1
INFO - 2022-03-22 18:12:46,109 - basepage.py[line:46] : @type="password"元素可见，输入000000
INFO - 2022-03-22 18:12:46,234 - basepage.py[line:66] : @type="button"元素可见，点击
INFO - 2022-03-22 18:12:47,722 - basepage.py[line:88] : @class="ant-message-notice-content"元素可见，获取文本:用户名或密码不正确,请重新登录
INFO - 2022-03-22 18:12:58,010 - basepage.py[line:46] : @type="text"元素可见，输入int_admin
INFO - 2022-03-22 18:12:58,198 - basepage.py[line:46] : @type="password"元素可见，输入000000
INFO - 2022-03-22 18:12:58,299 - basepage.py[line:66] : @type="button"元素可见，点击
INFO - 2022-03-22 18:12:59,738 - basepage.py[line:88] : @class="ant-message-notice-content"元素可见，获取文本:登录成功
INFO - 2022-03-22 18:16:56,581 - basepage.py[line:46] : @type="text"元素可见，输入int_admin1
INFO - 2022-03-22 18:16:56,744 - basepage.py[line:46] : @type="password"元素可见，输入000000
INFO - 2022-03-22 18:16:56,924 - basepage.py[line:66] : @type="button"元素可见，点击
INFO - 2022-03-22 18:16:58,441 - basepage.py[line:88] : @class="ant-message-notice-content"元素可见，获取文本:用户名或密码不正确,请重新登录
INFO - 2022-03-22 18:17:08,277 - basepage.py[line:46] : @type="text"元素可见，输入int_admin
INFO - 2022-03-22 18:17:08,404 - basepage.py[line:46] : @type="password"元素可见，输入000000
INFO - 2022-03-22 18:17:08,507 - basepage.py[line:66] : @type="button"元素可见，点击
INFO - 2022-03-22 18:17:09,862 - basepage.py[line:88] : @class="ant-message-notice-content"元素可见，获取文本:登录成功
INFO - 2022-03-22 18:25:35,427 - basepage.py[line:46] : @type="text"元素可见，输入int_admin1
INFO - 2022-03-22 18:25:35,598 - basepage.py[line:46] : @type="password"元素可见，输入000000
INFO - 2022-03-22 18:25:35,720 - basepage.py[line:66] : @type="button"元素可见，点击
INFO - 2022-03-22 18:25:37,180 - basepage.py[line:88] : @class="ant-message-notice-content"元素可见，获取文本:用户名或密码不正确,请重新登录
INFO - 2022-03-22 18:25:46,653 - basepage.py[line:46] : @type="text"元素可见，输入int_admin
INFO - 2022-03-22 18:25:46,827 - basepage.py[line:46] : @type="password"元素可见，输入000000
INFO - 2022-03-22 18:25:46,929 - basepage.py[line:66] : @type="button"元素可见，点击
INFO - 2022-03-22 18:25:48,594 - basepage.py[line:88] : @class="ant-message-notice-content"元素可见，获取文本:登录成功
INFO - 2022-03-22 18:29:30,538 - basepage.py[line:46] : @type="text"元素可见，输入int_admin1
INFO - 2022-03-22 18:29:30,712 - basepage.py[line:46] : @type="password"元素可见，输入000000
INFO - 2022-03-22 18:29:30,836 - basepage.py[line:66] : @type="button"元素可见，点击
INFO - 2022-03-22 18:29:32,175 - basepage.py[line:88] : @class="ant-message-notice-content"元素可见，获取文本:用户名或密码不正确,请重新登录
INFO - 2022-03-22 18:29:41,890 - basepage.py[line:46] : @type="text"元素可见，输入int_admin
INFO - 2022-03-22 18:29:42,062 - basepage.py[line:46] : @type="password"元素可见，输入000000
INFO - 2022-03-22 18:29:42,166 - basepage.py[line:66] : @type="button"元素可见，点击
INFO - 2022-03-22 18:29:43,727 - basepage.py[line:88] : @class="ant-message-notice-content"元素可见，获取文本:登录成功
INFO - 2022-03-22 18:35:16,079 - basepage.py[line:46] : @type="text"元素可见，输入int_admin1
INFO - 2022-03-22 18:35:16,203 - basepage.py[line:46] : @type="password"元素可见，输入000000
INFO - 2022-03-22 18:35:16,323 - basepage.py[line:66] : @type="button"元素可见，点击
INFO - 2022-03-22 18:35:17,788 - basepage.py[line:88] : @class="ant-message-notice-content"元素可见，获取文本:用户名或密码不正确,请重新登录
INFO - 2022-03-22 18:35:27,968 - basepage.py[line:46] : @type="text"元素可见，输入int_admin
INFO - 2022-03-22 18:35:28,114 - basepage.py[line:46] : @type="password"元素可见，输入000000
INFO - 2022-03-22 18:35:28,247 - basepage.py[line:66] : @type="button"元素可见，点击
INFO - 2022-03-22 18:35:29,922 - basepage.py[line:88] : @class="ant-message-notice-content"元素可见，获取文本:登录成功
INFO - 2022-03-22 18:37:29,202 - basepage.py[line:46] : @type="text"元素可见，输入int_admin1
INFO - 2022-03-22 18:37:29,374 - basepage.py[line:46] : @type="password"元素可见，输入000000
INFO - 2022-03-22 18:37:29,496 - basepage.py[line:66] : @type="button"元素可见，点击
INFO - 2022-03-22 18:37:30,858 - basepage.py[line:88] : @class="ant-message-notice-content"元素可见，获取文本:用户名或密码不正确,请重新登录
INFO - 2022-03-22 18:37:40,243 - basepage.py[line:46] : @type="text"元素可见，输入int_admin
INFO - 2022-03-22 18:37:40,412 - basepage.py[line:46] : @type="password"元素可见，输入000000
INFO - 2022-03-22 18:37:40,517 - basepage.py[line:66] : @type="button"元素可见，点击
INFO - 2022-03-22 18:37:41,959 - basepage.py[line:88] : @class="ant-message-notice-content"元素可见，获取文本:登录成功
INFO - 2022-03-22 18:38:35,053 - basepage.py[line:46] : @type="text"元素可见，输入int_admin1
INFO - 2022-03-22 18:38:35,226 - basepage.py[line:46] : @type="password"元素可见，输入000000
INFO - 2022-03-22 18:38:35,346 - basepage.py[line:66] : @type="button"元素可见，点击
INFO - 2022-03-22 18:38:36,697 - basepage.py[line:88] : @class="ant-message-notice-content"元素可见，获取文本:用户名或密码不正确,请重新登录
INFO - 2022-03-22 18:38:47,203 - basepage.py[line:46] : @type="text"元素可见，输入int_admin
INFO - 2022-03-22 18:38:47,368 - basepage.py[line:46] : @type="password"元素可见，输入000000
INFO - 2022-03-22 18:38:47,476 - basepage.py[line:66] : @type="button"元素可见，点击
INFO - 2022-03-22 18:38:48,936 - basepage.py[line:88] : @class="ant-message-notice-content"元素可见，获取文本:登录成功
INFO - 2022-03-22 18:40:22,910 - basepage.py[line:46] : @type="text"元素可见，输入int_admin1
INFO - 2022-03-22 18:40:23,086 - basepage.py[line:46] : @type="password"元素可见，输入000000
INFO - 2022-03-22 18:40:23,191 - basepage.py[line:66] : @type="button"元素可见，点击
INFO - 2022-03-22 18:40:24,762 - basepage.py[line:88] : @class="ant-message-notice-content"元素可见，获取文本:用户名或密码不正确,请重新登录
INFO - 2022-03-22 18:40:34,168 - basepage.py[line:46] : @type="text"元素可见，输入int_admin
INFO - 2022-03-22 18:40:34,332 - basepage.py[line:46] : @type="password"元素可见，输入000000
INFO - 2022-03-22 18:40:34,438 - basepage.py[line:66] : @type="button"元素可见，点击
INFO - 2022-03-22 18:40:35,885 - basepage.py[line:88] : @class="ant-message-notice-content"元素可见，获取文本:登录成功
INFO - 2022-03-22 18:42:19,964 - basepage.py[line:46] : @type="text"元素可见，输入int_admin1
INFO - 2022-03-22 18:42:20,140 - basepage.py[line:46] : @type="password"元素可见，输入000000
INFO - 2022-03-22 18:42:20,262 - basepage.py[line:66] : @type="button"元素可见，点击
INFO - 2022-03-22 18:42:21,714 - basepage.py[line:88] : @class="ant-message-notice-content"元素可见，获取文本:用户名或密码不正确,请重新登录
INFO - 2022-03-22 18:42:32,154 - basepage.py[line:46] : @type="text"元素可见，输入int_admin
INFO - 2022-03-22 18:42:32,321 - basepage.py[line:46] : @type="password"元素可见，输入000000
INFO - 2022-03-22 18:42:32,428 - basepage.py[line:66] : @type="button"元素可见，点击
INFO - 2022-03-22 18:42:33,879 - basepage.py[line:88] : @class="ant-message-notice-content"元素可见，获取文本:登录成功
INFO - 2022-03-22 19:04:13,715 - basepage.py[line:46] : @type="text"元素可见，输入int_admin1
INFO - 2022-03-22 19:04:13,835 - basepage.py[line:46] : @type="password"元素可见，输入000000
INFO - 2022-03-22 19:04:13,952 - basepage.py[line:66] : @type="button"元素可见，点击
INFO - 2022-03-22 19:04:15,315 - basepage.py[line:88] : @class="ant-message-notice-content"元素可见，获取文本:用户名或密码不正确,请重新登录
INFO - 2022-03-22 19:06:25,480 - basepage.py[line:46] : @type="text"元素可见，输入int_admin1
INFO - 2022-03-22 19:06:25,755 - basepage.py[line:46] : @type="password"元素可见，输入000000
INFO - 2022-03-22 19:06:25,969 - basepage.py[line:66] : @type="button"元素可见，点击
INFO - 2022-03-22 19:06:27,447 - basepage.py[line:88] : @class="ant-message-notice-content"元素可见，获取文本:用户名或密码不正确,请重新登录
INFO - 2022-03-22 19:06:37,721 - basepage.py[line:46] : @type="text"元素可见，输入int_admin
INFO - 2022-03-22 19:06:37,939 - basepage.py[line:46] : @type="password"元素可见，输入000000
INFO - 2022-03-22 19:06:38,102 - basepage.py[line:66] : @type="button"元素可见，点击
INFO - 2022-03-22 19:06:39,524 - basepage.py[line:88] : @class="ant-message-notice-content"元素可见，获取文本:登录成功
INFO - 2022-03-22 19:10:55,617 - basepage.py[line:46] : @type="text"元素可见，输入int_admin1
INFO - 2022-03-22 19:10:55,802 - basepage.py[line:46] : @type="password"元素可见，输入000000
INFO - 2022-03-22 19:10:55,976 - basepage.py[line:66] : @type="button"元素可见，点击
INFO - 2022-03-22 19:10:57,446 - basepage.py[line:88] : @class="ant-message-notice-content"元素可见，获取文本:用户名或密码不正确,请重新登录
INFO - 2022-03-22 19:11:10,503 - basepage.py[line:46] : @type="text"元素可见，输入int_admin
INFO - 2022-03-22 19:11:23,976 - basepage.py[line:46] : @type="text"元素可见，输入int_admin1
INFO - 2022-03-22 19:11:24,101 - basepage.py[line:46] : @type="password"元素可见，输入000000
INFO - 2022-03-22 19:11:24,222 - basepage.py[line:66] : @type="button"元素可见，点击
INFO - 2022-03-22 19:11:25,550 - basepage.py[line:88] : @class="ant-message-notice-content"元素可见，获取文本:用户名或密码不正确,请重新登录
INFO - 2022-03-22 19:11:37,595 - basepage.py[line:46] : @type="text"元素可见，输入int_admin
INFO - 2022-03-22 19:11:37,742 - basepage.py[line:46] : @type="password"元素可见，输入000000
INFO - 2022-03-22 19:11:37,849 - basepage.py[line:66] : @type="button"元素可见，点击
INFO - 2022-03-22 19:11:39,372 - basepage.py[line:88] : @class="ant-message-notice-content"元素可见，获取文本:登录成功
INFO - 2022-03-22 19:14:22,946 - basepage.py[line:46] : @type="text"元素可见，输入int_admin1
INFO - 2022-03-22 19:14:23,079 - basepage.py[line:46] : @type="password"元素可见，输入000000
INFO - 2022-03-22 19:14:23,199 - basepage.py[line:66] : @type="button"元素可见，点击
INFO - 2022-03-22 19:14:24,542 - basepage.py[line:88] : @class="ant-message-notice-content"元素可见，获取文本:用户名或密码不正确,请重新登录
INFO - 2022-03-22 19:14:41,249 - basepage.py[line:46] : @type="text"元素可见，输入int_admin
INFO - 2022-03-22 19:14:41,369 - basepage.py[line:46] : @type="password"元素可见，输入000000
INFO - 2022-03-22 19:14:41,464 - basepage.py[line:66] : @type="button"元素可见，点击
INFO - 2022-03-22 19:14:43,235 - basepage.py[line:88] : @class="ant-message-notice-content"元素可见，获取文本:登录成功
INFO - 2022-03-22 19:26:48,899 - basepage.py[line:46] : @type="text"元素可见，输入int_admin1
INFO - 2022-03-22 19:26:49,100 - basepage.py[line:46] : @type="password"元素可见，输入000000
INFO - 2022-03-22 19:26:49,252 - basepage.py[line:66] : @type="button"元素可见，点击
INFO - 2022-03-22 19:26:50,704 - basepage.py[line:88] : @class="ant-message-notice-content"元素可见，获取文本:用户名或密码不正确,请重新登录
INFO - 2022-03-22 19:27:01,776 - basepage.py[line:46] : @type="text"元素可见，输入int_admin
INFO - 2022-03-22 19:27:01,900 - basepage.py[line:46] : @type="password"元素可见，输入000000
INFO - 2022-03-22 19:27:02,000 - basepage.py[line:66] : @type="button"元素可见，点击
INFO - 2022-03-22 19:27:03,450 - basepage.py[line:88] : @class="ant-message-notice-content"元素可见，获取文本:登录成功
INFO - 2022-03-22 19:34:46,570 - basepage.py[line:46] : @type="text"元素可见，输入int_admin1
INFO - 2022-03-22 19:34:46,731 - basepage.py[line:46] : @type="password"元素可见，输入000000
INFO - 2022-03-22 19:34:46,842 - basepage.py[line:66] : @type="button"元素可见，点击
INFO - 2022-03-22 19:34:48,184 - basepage.py[line:88] : @class="ant-message-notice-content"元素可见，获取文本:用户名或密码不正确,请重新登录
INFO - 2022-03-22 19:34:57,941 - basepage.py[line:46] : @type="text"元素可见，输入int_admin
INFO - 2022-03-22 19:34:58,094 - basepage.py[line:46] : @type="password"元素可见，输入000000
INFO - 2022-03-22 19:34:58,196 - basepage.py[line:66] : @type="button"元素可见，点击
INFO - 2022-03-22 19:34:59,753 - basepage.py[line:88] : @class="ant-message-notice-content"元素可见，获取文本:登录成功
INFO - 2022-03-22 19:35:21,144 - basepage.py[line:46] : @type="text"元素可见，输入int_admin1
INFO - 2022-03-22 19:35:21,297 - basepage.py[line:46] : @type="password"元素可见，输入000000
INFO - 2022-03-22 19:35:21,426 - basepage.py[line:66] : @type="button"元素可见，点击
INFO - 2022-03-22 19:35:22,743 - basepage.py[line:88] : @class="ant-message-notice-content"元素可见，获取文本:用户名或密码不正确,请重新登录
INFO - 2022-03-22 19:35:31,828 - basepage.py[line:46] : @type="text"元素可见，输入int_admin
INFO - 2022-03-22 19:35:31,994 - basepage.py[line:46] : @type="password"元素可见，输入000000
INFO - 2022-03-22 19:35:32,112 - basepage.py[line:66] : @type="button"元素可见，点击
INFO - 2022-03-22 19:35:33,551 - basepage.py[line:88] : @class="ant-message-notice-content"元素可见，获取文本:登录成功
INFO - 2022-03-22 19:36:23,329 - basepage.py[line:46] : @type="text"元素可见，输入int_admin1
INFO - 2022-03-22 19:36:23,481 - basepage.py[line:46] : @type="password"元素可见，输入000000
INFO - 2022-03-22 19:36:23,606 - basepage.py[line:66] : @type="button"元素可见，点击
INFO - 2022-03-22 19:36:24,953 - basepage.py[line:88] : @class="ant-message-notice-content"元素可见，获取文本:用户名或密码不正确,请重新登录
INFO - 2022-03-22 19:36:34,325 - basepage.py[line:46] : @type="text"元素可见，输入int_admin
INFO - 2022-03-22 19:36:34,494 - basepage.py[line:46] : @type="password"元素可见，输入000000
INFO - 2022-03-22 19:36:34,591 - basepage.py[line:66] : @type="button"元素可见，点击
INFO - 2022-03-22 19:36:35,919 - basepage.py[line:88] : @class="ant-message-notice-content"元素可见，获取文本:登录成功
INFO - 2022-03-22 19:53:50,663 - basepage.py[line:46] : @type="text"元素可见，输入int_admin
INFO - 2022-03-22 19:53:50,812 - basepage.py[line:46] : @type="password"元素可见，输入000000
INFO - 2022-03-22 19:53:50,927 - basepage.py[line:66] : @type="button"元素可见，点击
INFO - 2022-03-22 19:53:52,375 - basepage.py[line:88] : @class="ant-message-notice-content"元素可见，获取文本:登录成功
INFO - 2022-03-22 19:54:01,947 - basepage.py[line:46] : @type="text"元素可见，输入int_admin
INFO - 2022-03-22 19:54:02,129 - basepage.py[line:46] : @type="password"元素可见，输入0001000
INFO - 2022-03-22 19:54:02,253 - basepage.py[line:66] : @type="button"元素可见，点击
INFO - 2022-03-22 19:54:03,826 - basepage.py[line:88] : @class="ant-message-notice-content"元素可见，获取文本:用户名或密码不正确,请重新登录
INFO - 2022-03-22 19:54:48,918 - basepage.py[line:46] : @type="text"元素可见，输入int_admin
INFO - 2022-03-22 19:54:49,073 - basepage.py[line:46] : @type="password"元素可见，输入000000
INFO - 2022-03-22 19:54:49,198 - basepage.py[line:66] : @type="button"元素可见，点击
INFO - 2022-03-22 19:54:50,655 - basepage.py[line:88] : @class="ant-message-notice-content"元素可见，获取文本:登录成功
INFO - 2022-03-22 19:54:59,164 - basepage.py[line:46] : @type="text"元素可见，输入int_admin
INFO - 2022-03-22 19:54:59,313 - basepage.py[line:46] : @type="password"元素可见，输入0001000
INFO - 2022-03-22 19:54:59,423 - basepage.py[line:66] : @type="button"元素可见，点击
INFO - 2022-03-22 19:55:00,786 - basepage.py[line:88] : @class="ant-message-notice-content"元素可见，获取文本:用户名或密码不正确,请重新登录
INFO - 2022-03-22 19:55:31,717 - basepage.py[line:46] : @type="text"元素可见，输入int_admin1
INFO - 2022-03-22 19:55:31,884 - basepage.py[line:46] : @type="password"元素可见，输入000000
INFO - 2022-03-22 19:55:32,019 - basepage.py[line:66] : @type="button"元素可见，点击
INFO - 2022-03-22 19:55:33,369 - basepage.py[line:88] : @class="ant-message-notice-content"元素可见，获取文本:用户名或密码不正确,请重新登录
INFO - 2022-03-22 19:55:42,329 - basepage.py[line:46] : @type="text"元素可见，输入int_admin
INFO - 2022-03-22 19:55:42,490 - basepage.py[line:46] : @type="password"元素可见，输入000000
INFO - 2022-03-22 19:55:42,591 - basepage.py[line:66] : @type="button"元素可见，点击
INFO - 2022-03-22 19:55:43,935 - basepage.py[line:88] : @class="ant-message-notice-content"元素可见，获取文本:登录成功
